<?xml version="1.0" encoding="UTF-8"?>
<testsuite xmlns:xsi="http://www.w3.org/2001/XMLSchema-instance" xsi:noNamespaceSchemaLocation="https://maven.apache.org/surefire/maven-surefire-plugin/xsd/surefire-test-report.xsd" name="Tests" time="0.748" tests="3" errors="0" skipped="0" failures="0">
  <properties>
[...]
</properties>
  <testcase name="testPing" classname="Tests" time="0.591"/>
  <testcase name="testLoadTransaction" classname="Tests" time="0.011"/>
  <testcase name="testAuthorizeTransaction" classname="Tests" time="0.009"/>
</testsuite>